/home/sarish/robotics_workspaces/ros_ws/src/install/autonomous_tb3/lib/python3.10/site-packages/autonomous_tb3/__init__.py
/home/sarish/robotics_workspaces/ros_ws/src/install/autonomous_tb3/lib/python3.10/site-packages/autonomous_tb3/maze_solver.py
/home/sarish/robotics_workspaces/ros_ws/src/install/autonomous_tb3/lib/python3.10/site-packages/autonomous_tb3/spawn_entity.py
/home/sarish/robotics_workspaces/ros_ws/src/install/autonomous_tb3/lib/python3.10/site-packages/autonomous_tb3/hotel_waiter.py
/home/sarish/robotics_workspaces/ros_ws/src/install/autonomous_tb3/lib/python3.10/site-packages/autonomous_tb3/hotel_waiter_multiple.py
/home/sarish/robotics_workspaces/ros_ws/src/install/autonomous_tb3/lib/python3.10/site-packages/autonomous_tb3/occupancy_grid_pub.py
/home/sarish/robotics_workspaces/ros_ws/src/install/autonomous_tb3/lib/python3.10/site-packages/autonomous_tb3/__pycache__/__init__.cpython-310.pyc
/home/sarish/robotics_workspaces/ros_ws/src/install/autonomous_tb3/lib/python3.10/site-packages/autonomous_tb3/__pycache__/maze_solver.cpython-310.pyc
/home/sarish/robotics_workspaces/ros_ws/src/install/autonomous_tb3/lib/python3.10/site-packages/autonomous_tb3/__pycache__/spawn_entity.cpython-310.pyc
/home/sarish/robotics_workspaces/ros_ws/src/install/autonomous_tb3/lib/python3.10/site-packages/autonomous_tb3/__pycache__/hotel_waiter.cpython-310.pyc
/home/sarish/robotics_workspaces/ros_ws/src/install/autonomous_tb3/lib/python3.10/site-packages/autonomous_tb3/__pycache__/hotel_waiter_multiple.cpython-310.pyc
/home/sarish/robotics_workspaces/ros_ws/src/install/autonomous_tb3/lib/python3.10/site-packages/autonomous_tb3/__pycache__/occupancy_grid_pub.cpython-310.pyc
/home/sarish/robotics_workspaces/ros_ws/src/install/autonomous_tb3/share/ament_index/resource_index/packages/autonomous_tb3
/home/sarish/robotics_workspaces/ros_ws/src/install/autonomous_tb3/share/autonomous_tb3/package.xml
/home/sarish/robotics_workspaces/ros_ws/src/install/autonomous_tb3/share/autonomous_tb3/launch/tb3_world_navigation.launch.py
/home/sarish/robotics_workspaces/ros_ws/src/install/autonomous_tb3/share/autonomous_tb3/launch/hotel_waiter.launch.py
/home/sarish/robotics_workspaces/ros_ws/src/install/autonomous_tb3/share/autonomous_tb3/launch/maze_navigation.launch.py
/home/sarish/robotics_workspaces/ros_ws/src/install/autonomous_tb3/share/autonomous_tb3/launch/mapping.launch.py
/home/sarish/robotics_workspaces/ros_ws/src/install/autonomous_tb3/share/autonomous_tb3/config/maze.yaml
/home/sarish/robotics_workspaces/ros_ws/src/install/autonomous_tb3/share/autonomous_tb3/config/tb3_world.pgm
/home/sarish/robotics_workspaces/ros_ws/src/install/autonomous_tb3/share/autonomous_tb3/config/maze_map.pgm
/home/sarish/robotics_workspaces/ros_ws/src/install/autonomous_tb3/share/autonomous_tb3/config/hotel_map.pgm
/home/sarish/robotics_workspaces/ros_ws/src/install/autonomous_tb3/share/autonomous_tb3/config/maze.pgm
/home/sarish/robotics_workspaces/ros_ws/src/install/autonomous_tb3/share/autonomous_tb3/config/mapping.rviz
/home/sarish/robotics_workspaces/ros_ws/src/install/autonomous_tb3/share/autonomous_tb3/config/tb3_nav_params.yaml
/home/sarish/robotics_workspaces/ros_ws/src/install/autonomous_tb3/share/autonomous_tb3/config/hotel_map.yaml
/home/sarish/robotics_workspaces/ros_ws/src/install/autonomous_tb3/share/autonomous_tb3/config/tb3_world.yaml
/home/sarish/robotics_workspaces/ros_ws/src/install/autonomous_tb3/share/autonomous_tb3/config/tb3_nav.rviz
/home/sarish/robotics_workspaces/ros_ws/src/install/autonomous_tb3/share/autonomous_tb3/config/tb3_cartographer.lua
/home/sarish/robotics_workspaces/ros_ws/src/install/autonomous_tb3/share/autonomous_tb3/config/maze_map.yaml
/home/sarish/robotics_workspaces/ros_ws/src/install/autonomous_tb3/share/autonomous_tb3/world/maze/model.config
/home/sarish/robotics_workspaces/ros_ws/src/install/autonomous_tb3/share/autonomous_tb3/world/maze/model.sdf
/home/sarish/robotics_workspaces/ros_ws/src/install/autonomous_tb3/share/autonomous_tb3/models/table/model-1_2.sdf
/home/sarish/robotics_workspaces/ros_ws/src/install/autonomous_tb3/share/autonomous_tb3/models/table/model.config
/home/sarish/robotics_workspaces/ros_ws/src/install/autonomous_tb3/share/autonomous_tb3/models/table/model-1_3.sdf
/home/sarish/robotics_workspaces/ros_ws/src/install/autonomous_tb3/share/autonomous_tb3/models/table/model.sdf
/home/sarish/robotics_workspaces/ros_ws/src/install/autonomous_tb3/share/autonomous_tb3/models/table/model-1_4.sdf
/home/sarish/robotics_workspaces/ros_ws/src/install/autonomous_tb3/share/autonomous_tb3/world/hotel/model.config
/home/sarish/robotics_workspaces/ros_ws/src/install/autonomous_tb3/share/autonomous_tb3/world/hotel/empty_world.world
/home/sarish/robotics_workspaces/ros_ws/src/install/autonomous_tb3/share/autonomous_tb3/world/hotel/model.sdf
/home/sarish/robotics_workspaces/ros_ws/src/install/autonomous_tb3/lib/python3.10/site-packages/autonomous_tb3-0.0.0-py3.10.egg-info/dependency_links.txt
/home/sarish/robotics_workspaces/ros_ws/src/install/autonomous_tb3/lib/python3.10/site-packages/autonomous_tb3-0.0.0-py3.10.egg-info/requires.txt
/home/sarish/robotics_workspaces/ros_ws/src/install/autonomous_tb3/lib/python3.10/site-packages/autonomous_tb3-0.0.0-py3.10.egg-info/SOURCES.txt
/home/sarish/robotics_workspaces/ros_ws/src/install/autonomous_tb3/lib/python3.10/site-packages/autonomous_tb3-0.0.0-py3.10.egg-info/entry_points.txt
/home/sarish/robotics_workspaces/ros_ws/src/install/autonomous_tb3/lib/python3.10/site-packages/autonomous_tb3-0.0.0-py3.10.egg-info/zip-safe
/home/sarish/robotics_workspaces/ros_ws/src/install/autonomous_tb3/lib/python3.10/site-packages/autonomous_tb3-0.0.0-py3.10.egg-info/PKG-INFO
/home/sarish/robotics_workspaces/ros_ws/src/install/autonomous_tb3/lib/python3.10/site-packages/autonomous_tb3-0.0.0-py3.10.egg-info/top_level.txt
/home/sarish/robotics_workspaces/ros_ws/src/install/autonomous_tb3/lib/autonomous_tb3/autonomous_waiter
/home/sarish/robotics_workspaces/ros_ws/src/install/autonomous_tb3/lib/autonomous_tb3/autonomous_waiter_multiple
/home/sarish/robotics_workspaces/ros_ws/src/install/autonomous_tb3/lib/autonomous_tb3/maze_solver
/home/sarish/robotics_workspaces/ros_ws/src/install/autonomous_tb3/lib/autonomous_tb3/occupancy_grid_pub
/home/sarish/robotics_workspaces/ros_ws/src/install/autonomous_tb3/lib/autonomous_tb3/sdf_spawner
