/home/sarish/robotics_workspaces/ros_ws/src/install/maze_bot/lib/python3.10/site-packages/maze_bot/utilities.py
/home/sarish/robotics_workspaces/ros_ws/src/install/maze_bot/lib/python3.10/site-packages/maze_bot/__init__.py
/home/sarish/robotics_workspaces/ros_ws/src/install/maze_bot/lib/python3.10/site-packages/maze_bot/maze_solver.py
/home/sarish/robotics_workspaces/ros_ws/src/install/maze_bot/lib/python3.10/site-packages/maze_bot/driving_node.py
/home/sarish/robotics_workspaces/ros_ws/src/install/maze_bot/lib/python3.10/site-packages/maze_bot/bot_mapping.py
/home/sarish/robotics_workspaces/ros_ws/src/install/maze_bot/lib/python3.10/site-packages/maze_bot/bot_motionplanning.py
/home/sarish/robotics_workspaces/ros_ws/src/install/maze_bot/lib/python3.10/site-packages/maze_bot/video_saver.py
/home/sarish/robotics_workspaces/ros_ws/src/install/maze_bot/lib/python3.10/site-packages/maze_bot/bot_pathplanning.py
/home/sarish/robotics_workspaces/ros_ws/src/install/maze_bot/lib/python3.10/site-packages/maze_bot/bot_localization.py
/home/sarish/robotics_workspaces/ros_ws/src/install/maze_bot/lib/python3.10/site-packages/maze_bot/__pycache__/utilities.cpython-310.pyc
/home/sarish/robotics_workspaces/ros_ws/src/install/maze_bot/lib/python3.10/site-packages/maze_bot/__pycache__/__init__.cpython-310.pyc
/home/sarish/robotics_workspaces/ros_ws/src/install/maze_bot/lib/python3.10/site-packages/maze_bot/__pycache__/maze_solver.cpython-310.pyc
/home/sarish/robotics_workspaces/ros_ws/src/install/maze_bot/lib/python3.10/site-packages/maze_bot/__pycache__/driving_node.cpython-310.pyc
/home/sarish/robotics_workspaces/ros_ws/src/install/maze_bot/lib/python3.10/site-packages/maze_bot/__pycache__/bot_mapping.cpython-310.pyc
/home/sarish/robotics_workspaces/ros_ws/src/install/maze_bot/lib/python3.10/site-packages/maze_bot/__pycache__/bot_motionplanning.cpython-310.pyc
/home/sarish/robotics_workspaces/ros_ws/src/install/maze_bot/lib/python3.10/site-packages/maze_bot/__pycache__/video_saver.cpython-310.pyc
/home/sarish/robotics_workspaces/ros_ws/src/install/maze_bot/lib/python3.10/site-packages/maze_bot/__pycache__/bot_pathplanning.cpython-310.pyc
/home/sarish/robotics_workspaces/ros_ws/src/install/maze_bot/lib/python3.10/site-packages/maze_bot/__pycache__/bot_localization.cpython-310.pyc
/home/sarish/robotics_workspaces/ros_ws/src/install/maze_bot/share/ament_index/resource_index/packages/maze_bot
/home/sarish/robotics_workspaces/ros_ws/src/install/maze_bot/share/maze_bot/package.xml
/home/sarish/robotics_workspaces/ros_ws/src/install/maze_bot/share/maze_bot/launch/camera_maze.launch.xml
/home/sarish/robotics_workspaces/ros_ws/src/install/maze_bot/share/maze_bot/launch/rviz.launch.py
/home/sarish/robotics_workspaces/ros_ws/src/install/maze_bot/share/maze_bot/launch/maze1_spawn.launch.xml
/home/sarish/robotics_workspaces/ros_ws/src/install/maze_bot/share/maze_bot/launch/gazebo_spawn.launch.xml
/home/sarish/robotics_workspaces/ros_ws/src/install/maze_bot/share/maze_bot/launch/maze_1_robot_camera.launch.py
/home/sarish/robotics_workspaces/ros_ws/src/install/maze_bot/share/maze_bot/launch/gazebo.launch.py
/home/sarish/robotics_workspaces/ros_ws/src/install/maze_bot/share/maze_bot/urdf/maze_bot.urdf
/home/sarish/robotics_workspaces/ros_ws/src/install/maze_bot/share/maze_bot/meshes/front_caster.stl
/home/sarish/robotics_workspaces/ros_ws/src/install/maze_bot/share/maze_bot/meshes/wheel_l.stl
/home/sarish/robotics_workspaces/ros_ws/src/install/maze_bot/share/maze_bot/meshes/wheel_r.stl
/home/sarish/robotics_workspaces/ros_ws/src/install/maze_bot/share/maze_bot/meshes/base_link.stl
/home/sarish/robotics_workspaces/ros_ws/src/install/maze_bot/share/maze_bot/worlds/maze_mazebot_world
/home/sarish/robotics_workspaces/ros_ws/src/install/maze_bot/share/maze_bot/worlds/maze_camera_mazebot.world
/home/sarish/robotics_workspaces/ros_ws/src/install/maze_bot/lib/python3.10/site-packages/maze_bot-0.0.0-py3.10.egg-info/dependency_links.txt
/home/sarish/robotics_workspaces/ros_ws/src/install/maze_bot/lib/python3.10/site-packages/maze_bot-0.0.0-py3.10.egg-info/requires.txt
/home/sarish/robotics_workspaces/ros_ws/src/install/maze_bot/lib/python3.10/site-packages/maze_bot-0.0.0-py3.10.egg-info/SOURCES.txt
/home/sarish/robotics_workspaces/ros_ws/src/install/maze_bot/lib/python3.10/site-packages/maze_bot-0.0.0-py3.10.egg-info/entry_points.txt
/home/sarish/robotics_workspaces/ros_ws/src/install/maze_bot/lib/python3.10/site-packages/maze_bot-0.0.0-py3.10.egg-info/zip-safe
/home/sarish/robotics_workspaces/ros_ws/src/install/maze_bot/lib/python3.10/site-packages/maze_bot-0.0.0-py3.10.egg-info/PKG-INFO
/home/sarish/robotics_workspaces/ros_ws/src/install/maze_bot/lib/python3.10/site-packages/maze_bot-0.0.0-py3.10.egg-info/top_level.txt
/home/sarish/robotics_workspaces/ros_ws/src/install/maze_bot/lib/maze_bot/driving_maze_bot
/home/sarish/robotics_workspaces/ros_ws/src/install/maze_bot/lib/maze_bot/maze_solver
/home/sarish/robotics_workspaces/ros_ws/src/install/maze_bot/lib/maze_bot/video_saver
