/home/sarish/robotics_workspaces/ros_ws/src/install/rover/lib/python3.10/site-packages/rover/__init__.py
/home/sarish/robotics_workspaces/ros_ws/src/install/rover/lib/python3.10/site-packages/rover/wall_following.py
/home/sarish/robotics_workspaces/ros_ws/src/install/rover/lib/python3.10/site-packages/rover/obstacle_avoiding.py
/home/sarish/robotics_workspaces/ros_ws/src/install/rover/lib/python3.10/site-packages/rover/__pycache__/__init__.cpython-310.pyc
/home/sarish/robotics_workspaces/ros_ws/src/install/rover/lib/python3.10/site-packages/rover/__pycache__/wall_following.cpython-310.pyc
/home/sarish/robotics_workspaces/ros_ws/src/install/rover/lib/python3.10/site-packages/rover/__pycache__/obstacle_avoiding.cpython-310.pyc
/home/sarish/robotics_workspaces/ros_ws/src/install/rover/share/ament_index/resource_index/packages/rover
/home/sarish/robotics_workspaces/ros_ws/src/install/rover/share/rover/package.xml
/home/sarish/robotics_workspaces/ros_ws/src/install/rover/share/rover/1_rviz.launch.py
/home/sarish/robotics_workspaces/ros_ws/src/install/rover/share/rover/2_gazebo.launch.py
/home/sarish/robotics_workspaces/ros_ws/src/install/rover/share/rover/rover.urdf
/home/sarish/robotics_workspaces/ros_ws/src/install/rover/share/rover/config.rviz
/home/sarish/robotics_workspaces/ros_ws/src/install/rover/lib/python3.10/site-packages/rover-0.0.0-py3.10.egg-info/dependency_links.txt
/home/sarish/robotics_workspaces/ros_ws/src/install/rover/lib/python3.10/site-packages/rover-0.0.0-py3.10.egg-info/requires.txt
/home/sarish/robotics_workspaces/ros_ws/src/install/rover/lib/python3.10/site-packages/rover-0.0.0-py3.10.egg-info/SOURCES.txt
/home/sarish/robotics_workspaces/ros_ws/src/install/rover/lib/python3.10/site-packages/rover-0.0.0-py3.10.egg-info/entry_points.txt
/home/sarish/robotics_workspaces/ros_ws/src/install/rover/lib/python3.10/site-packages/rover-0.0.0-py3.10.egg-info/zip-safe
/home/sarish/robotics_workspaces/ros_ws/src/install/rover/lib/python3.10/site-packages/rover-0.0.0-py3.10.egg-info/PKG-INFO
/home/sarish/robotics_workspaces/ros_ws/src/install/rover/lib/python3.10/site-packages/rover-0.0.0-py3.10.egg-info/top_level.txt
/home/sarish/robotics_workspaces/ros_ws/src/install/rover/lib/rover/obstacle_avoiding
/home/sarish/robotics_workspaces/ros_ws/src/install/rover/lib/rover/wall_following
